<?xml version="1.0" encoding="UTF-8"?>
<!-- Generated by org.testng.reporters.JUnitReportReporter -->
<testsuite hostname="meluha" name="shop.gcrit.driver.ExecuteTest" tests="1" failures="0" timestamp="8 Mar 2016 13:49:47 GMT" time="87.206" errors="0">
  <testcase name="test" time="87.206" classname="shop.gcrit.driver.ExecuteTest"/>
</testsuite> <!-- shop.gcrit.driver.ExecuteTest -->
